d:\vs_projects\mupen64\mupen64plus-audio-sdl\projects\msvc\win32\release\vc140.pdb
d:\vs_projects\mupen64\mupen64plus-audio-sdl\projects\msvc\win32\release\trivial.obj
d:\vs_projects\mupen64\mupen64plus-audio-sdl\projects\msvc\win32\release\resamplers.obj
d:\vs_projects\mupen64\mupen64plus-audio-sdl\projects\msvc\win32\release\sdl_backend.obj
d:\vs_projects\mupen64\mupen64plus-audio-sdl\projects\msvc\win32\release\osal_dynamiclib_win32.obj
d:\vs_projects\mupen64\mupen64plus-audio-sdl\projects\msvc\win32\release\main.obj
d:\vs_projects\mupen64\mupen64plus-audio-sdl\projects\msvc\win32\release\circular_buffer.obj
d:\vs_projects\mupen64\mupen64plus-ui-console\projects\msvc\win32\release\mupen64plus-audio-sdl.dll
d:\vs_projects\mupen64\mupen64plus-ui-console\projects\msvc\win32\release\mupen64plus-audio-sdl.ipdb
d:\vs_projects\mupen64\mupen64plus-ui-console\projects\msvc\win32\release\mupen64plus-audio-sdl.iobj
d:\vs_projects\mupen64\mupen64plus-ui-console\projects\msvc\win32\release\mupen64plus-audio-sdl.pdb
d:\vs_projects\mupen64\mupen64plus-ui-console\projects\msvc\win32\release\mupen64plus-audio-sdl.lib
d:\vs_projects\mupen64\mupen64plus-ui-console\projects\msvc\win32\release\mupen64plus-audio-sdl.exp
d:\vs_projects\mupen64\mupen64plus-audio-sdl\projects\msvc\win32\release\mupen64p.96969748.tlog\cl.command.1.tlog
d:\vs_projects\mupen64\mupen64plus-audio-sdl\projects\msvc\win32\release\mupen64p.96969748.tlog\cl.read.1.tlog
d:\vs_projects\mupen64\mupen64plus-audio-sdl\projects\msvc\win32\release\mupen64p.96969748.tlog\cl.write.1.tlog
d:\vs_projects\mupen64\mupen64plus-audio-sdl\projects\msvc\win32\release\mupen64p.96969748.tlog\link.command.1.tlog
d:\vs_projects\mupen64\mupen64plus-audio-sdl\projects\msvc\win32\release\mupen64p.96969748.tlog\link.read.1.tlog
d:\vs_projects\mupen64\mupen64plus-audio-sdl\projects\msvc\win32\release\mupen64p.96969748.tlog\link.write.1.tlog
d:\vs_projects\mupen64\mupen64plus-audio-sdl\projects\msvc\win32\release\mupen64p.96969748.tlog\mupen64plus-audio-sdl.write.1u.tlog
