d:\vs_projects\mupen64\mupen64plus-rsp-hle\projects\msvc\win32\debug\vc140.pdb
d:\vs_projects\mupen64\mupen64plus-rsp-hle\projects\msvc\win32\debug\re2.obj
d:\vs_projects\mupen64\mupen64plus-rsp-hle\projects\msvc\win32\debug\plugin.obj
d:\vs_projects\mupen64\mupen64plus-rsp-hle\projects\msvc\win32\debug\osal_dynamiclib_win32.obj
d:\vs_projects\mupen64\mupen64plus-rsp-hle\projects\msvc\win32\debug\musyx.obj
d:\vs_projects\mupen64\mupen64plus-rsp-hle\projects\msvc\win32\debug\mp3.obj
d:\vs_projects\mupen64\mupen64plus-rsp-hle\projects\msvc\win32\debug\memory.obj
d:\vs_projects\mupen64\mupen64plus-rsp-hle\projects\msvc\win32\debug\jpeg.obj
d:\vs_projects\mupen64\mupen64plus-rsp-hle\projects\msvc\win32\debug\hvqm.obj
d:\vs_projects\mupen64\mupen64plus-rsp-hle\projects\msvc\win32\debug\hle.obj
d:\vs_projects\mupen64\mupen64plus-rsp-hle\projects\msvc\win32\debug\cicx105.obj
d:\vs_projects\mupen64\mupen64plus-rsp-hle\projects\msvc\win32\debug\audio.obj
d:\vs_projects\mupen64\mupen64plus-rsp-hle\projects\msvc\win32\debug\alist_nead.obj
d:\vs_projects\mupen64\mupen64plus-rsp-hle\projects\msvc\win32\debug\alist_naudio.obj
d:\vs_projects\mupen64\mupen64plus-rsp-hle\projects\msvc\win32\debug\alist_audio.obj
d:\vs_projects\mupen64\mupen64plus-rsp-hle\projects\msvc\win32\debug\alist.obj
d:\vs_projects\mupen64\mupen64plus-ui-console\projects\msvc\win32\debug\mupen64plus-rsp-hle.ilk
d:\vs_projects\mupen64\mupen64plus-ui-console\projects\msvc\win32\debug\mupen64plus-rsp-hle.dll
d:\vs_projects\mupen64\mupen64plus-ui-console\projects\msvc\win32\debug\mupen64plus-rsp-hle.pdb
d:\vs_projects\mupen64\mupen64plus-ui-console\projects\msvc\win32\debug\mupen64plus-rsp-hle.lib
d:\vs_projects\mupen64\mupen64plus-ui-console\projects\msvc\win32\debug\mupen64plus-rsp-hle.exp
d:\vs_projects\mupen64\mupen64plus-rsp-hle\projects\msvc\win32\debug\mupen64p.2ec7cee3.tlog\cl.command.1.tlog
d:\vs_projects\mupen64\mupen64plus-rsp-hle\projects\msvc\win32\debug\mupen64p.2ec7cee3.tlog\cl.read.1.tlog
d:\vs_projects\mupen64\mupen64plus-rsp-hle\projects\msvc\win32\debug\mupen64p.2ec7cee3.tlog\cl.write.1.tlog
d:\vs_projects\mupen64\mupen64plus-rsp-hle\projects\msvc\win32\debug\mupen64p.2ec7cee3.tlog\link.command.1.tlog
d:\vs_projects\mupen64\mupen64plus-rsp-hle\projects\msvc\win32\debug\mupen64p.2ec7cee3.tlog\link.read.1.tlog
d:\vs_projects\mupen64\mupen64plus-rsp-hle\projects\msvc\win32\debug\mupen64p.2ec7cee3.tlog\link.write.1.tlog
d:\vs_projects\mupen64\mupen64plus-rsp-hle\projects\msvc\win32\debug\mupen64p.2ec7cee3.tlog\mupen64plus-rsp-hle.write.1u.tlog
