  Microsoft (R) C/C++ Optimizing Compiler Version 19.29.30038.1 for x86
  Copyright (C) Microsoft Corporation.  All rights reserved.
  
  asm_defines.c
  
  %define offsetof_struct_cached_interp_invalid_code (0x00000000)
  %define offsetof_struct_cp0_count_per_op (0x00000200)
  %define offsetof_struct_cp0_last_addr (0x000001fc)
  %define offsetof_struct_cp0_next_interrupt (0x0000018c)
  %define offsetof_struct_cp0_regs (0x00000000)
  %define offsetof_struct_cp0_tlb (0x00000204)
  %define offsetof_struct_device_r4300 (0x00000000)
  %define offsetof_struct_r4300_core_cached_interp (0x000001ac)
  %define offsetof_struct_r4300_core_cp0 (0x00500384)
  %define offsetof_struct_r4300_core_hi (0x00000100)
  %define offsetof_struct_r4300_core_lo (0x00000108)
  %define offsetof_struct_r4300_core_recomp (0x005001c8)
  %define offsetof_struct_r4300_core_regs (0x00000000)
  %define offsetof_struct_r4300_core_stop (0x00000120)
  %define offsetof_struct_recomp_return_address (0x000000ec)
  %define offsetof_struct_recomp_save_ebp (0x000000d4)
  %define offsetof_struct_recomp_save_ebx (0x000000d8)
  %define offsetof_struct_recomp_save_edi (0x000000e0)
  %define offsetof_struct_recomp_save_eip (0x000000e8)
  %define offsetof_struct_recomp_save_esi (0x000000dc)
  %define offsetof_struct_recomp_save_esp (0x000000e4)
  %define offsetof_struct_tlb_entries (0x00000000)
  %define offsetof_struct_tlb_LUT_r (0x00000680)
  %define offsetof_struct_tlb_LUT_w (0x00400680)
  
  main.c
D:\VS_Projects\Mupen64\mupen64plus-core\src\main\main.c(1575,70): warning C4267: 'function': conversion from 'size_t' to 'uint8_t', possible loss of data
     Creating library D:\VS_Projects\Mupen64\mupen64plus-ui-console\projects\msvc\Win32\Release\mupen64plus.lib and object D:\VS_Projects\Mupen64\mupen64plus-ui-console\projects\msvc\Win32\Release\mupen64plus.exp
  Generating code
  1 of 2383 functions (<0.1%) were compiled, the rest were copied from previous compilation.
    0 functions were new in current compilation
    41 functions had inline decision re-evaluated but remain unchanged
  Finished generating code
  mupen64plus-core.vcxproj -> D:\VS_Projects\Mupen64\mupen64plus-ui-console\projects\msvc\Win32\Release\mupen64plus.dll
