d:\vs_projects\mupen64\mupen64plus-core\projects\msvc\win32\release\vc140.pdb
d:\vs_projects\mupen64\mupen64plus-core\projects\msvc\win32\release\cart_rom.obj
d:\vs_projects\mupen64\mupen64plus-core\projects\msvc\win32\release\cart.obj
d:\vs_projects\mupen64\mupen64plus-core\projects\msvc\win32\release\af_rtc.obj
d:\vs_projects\mupen64\mupen64plus-core\projects\msvc\win32\release\ai_controller.obj
d:\vs_projects\mupen64\mupen64plus-core\projects\msvc\win32\release\dbg_memory.obj
d:\vs_projects\mupen64\mupen64plus-core\projects\msvc\win32\release\dbg_decoder.obj
d:\vs_projects\mupen64\mupen64plus-core\projects\msvc\win32\release\dbg_debugger.obj
d:\vs_projects\mupen64\mupen64plus-core\projects\msvc\win32\release\dbg_breakpoints.obj
d:\vs_projects\mupen64\mupen64plus-core\projects\msvc\win32\release\file_storage.obj
d:\vs_projects\mupen64\mupen64plus-core\projects\msvc\win32\release\dummy_video_capture.obj
d:\vs_projects\mupen64\mupen64plus-core\projects\msvc\win32\release\clock_ctime_plus_delta.obj
d:\vs_projects\mupen64\mupen64plus-core\projects\msvc\win32\release\audio_plugin_compat.obj
d:\vs_projects\mupen64\mupen64plus-core\projects\msvc\win32\release\input_plugin_compat.obj
d:\vs_projects\mupen64\mupen64plus-core\projects\msvc\win32\release\video_capture_backend.obj
d:\vs_projects\mupen64\mupen64plus-core\projects\msvc\win32\release\vidext.obj
d:\vs_projects\mupen64\mupen64plus-core\projects\msvc\win32\release\frontend.obj
d:\vs_projects\mupen64\mupen64plus-core\projects\msvc\win32\release\debugger.obj
d:\vs_projects\mupen64\mupen64plus-core\projects\msvc\win32\release\config.obj
d:\vs_projects\mupen64\mupen64plus-core\projects\msvc\win32\release\common.obj
d:\vs_projects\mupen64\mupen64plus-core\projects\msvc\win32\release\callbacks.obj
d:\vs_projects\mupen64\mupen64plus-core\projects\msvc\win32\release\netplay.obj
d:\vs_projects\mupen64\mupen64plus-core\projects\msvc\win32\release\main.obj
d:\vs_projects\mupen64\mupen64plus-core\projects\msvc\win32\release\lirc.obj
d:\vs_projects\mupen64\mupen64plus-core\projects\msvc\win32\release\eventloop.obj
d:\vs_projects\mupen64\mupen64plus-core\projects\msvc\win32\release\device.obj
d:\vs_projects\mupen64\mupen64plus-core\projects\msvc\win32\release\cheat.obj
d:\vs_projects\mupen64\mupen64plus-core\projects\msvc\win32\release\bootrom_hle.obj
d:\vs_projects\mupen64\mupen64plus-core\projects\msvc\win32\release\mbc3_rtc.obj
d:\vs_projects\mupen64\mupen64plus-core\projects\msvc\win32\release\m64282fp.obj
d:\vs_projects\mupen64\mupen64plus-core\projects\msvc\win32\release\gb_cart.obj
d:\vs_projects\mupen64\mupen64plus-core\projects\msvc\win32\release\disk.obj
d:\vs_projects\mupen64\mupen64plus-core\projects\msvc\win32\release\dd_controller.obj
d:\vs_projects\mupen64\mupen64plus-core\projects\msvc\win32\release\transferpak.obj
d:\vs_projects\mupen64\mupen64plus-core\projects\msvc\win32\release\rumblepak.obj
d:\vs_projects\mupen64\mupen64plus-core\projects\msvc\win32\release\mempak.obj
d:\vs_projects\mupen64\mupen64plus-core\projects\msvc\win32\release\biopak.obj
d:\vs_projects\mupen64\mupen64plus-core\projects\msvc\win32\release\game_controller.obj
d:\vs_projects\mupen64\mupen64plus-core\projects\msvc\win32\release\sram.obj
d:\vs_projects\mupen64\mupen64plus-core\projects\msvc\win32\release\flashram.obj
d:\vs_projects\mupen64\mupen64plus-core\projects\msvc\win32\release\eeprom.obj
d:\vs_projects\mupen64\mupen64plus-core\projects\msvc\win32\release\idec.obj
d:\vs_projects\mupen64\mupen64plus-core\projects\msvc\win32\release\cp1.obj
d:\vs_projects\mupen64\mupen64plus-core\projects\msvc\win32\release\cp0.obj
d:\vs_projects\mupen64\mupen64plus-core\projects\msvc\win32\release\cached_interp.obj
d:\vs_projects\mupen64\mupen64plus-core\projects\msvc\win32\release\plugin.obj
d:\vs_projects\mupen64\mupen64plus-core\projects\msvc\win32\release\dummy_video.obj
d:\vs_projects\mupen64\mupen64plus-core\projects\msvc\win32\release\dummy_rsp.obj
d:\vs_projects\mupen64\mupen64plus-core\projects\msvc\win32\release\dummy_input.obj
d:\vs_projects\mupen64\mupen64plus-core\projects\msvc\win32\release\dummy_audio.obj
d:\vs_projects\mupen64\mupen64plus-core\projects\msvc\win32\release\pi_controller.obj
d:\vs_projects\mupen64\mupen64plus-core\projects\msvc\win32\release\osd.obj
d:\vs_projects\mupen64\mupen64plus-core\projects\msvc\win32\release\files_win32.obj
d:\vs_projects\mupen64\mupen64plus-core\projects\msvc\win32\release\dynamiclib_win32.obj
d:\vs_projects\mupen64\mupen64plus-core\projects\msvc\win32\release\memory.obj
d:\vs_projects\mupen64\mupen64plus-core\projects\msvc\win32\release\workqueue.obj
d:\vs_projects\mupen64\mupen64plus-core\projects\msvc\win32\release\util.obj
d:\vs_projects\mupen64\mupen64plus-core\projects\msvc\win32\release\sdl_key_converter.obj
d:\vs_projects\mupen64\mupen64plus-core\projects\msvc\win32\release\screenshot.obj
d:\vs_projects\mupen64\mupen64plus-core\projects\msvc\win32\release\savestates.obj
d:\vs_projects\mupen64\mupen64plus-core\projects\msvc\win32\release\rom.obj
d:\vs_projects\mupen64\mupen64plus-core\projects\msvc\win32\release\md5.obj
d:\vs_projects\mupen64\mupen64plus-core\projects\msvc\win32\release\pif.obj
d:\vs_projects\mupen64\mupen64plus-core\projects\msvc\win32\release\n64_cic_nus_6105.obj
d:\vs_projects\mupen64\mupen64plus-core\projects\msvc\win32\release\cic.obj
d:\vs_projects\mupen64\mupen64plus-core\projects\msvc\win32\release\rdram.obj
d:\vs_projects\mupen64\mupen64plus-core\projects\msvc\win32\release\vi_controller.obj
d:\vs_projects\mupen64\mupen64plus-core\projects\msvc\win32\release\si_controller.obj
d:\vs_projects\mupen64\mupen64plus-core\projects\msvc\win32\release\rsp_core.obj
d:\vs_projects\mupen64\mupen64plus-core\projects\msvc\win32\release\ri_controller.obj
d:\vs_projects\mupen64\mupen64plus-core\projects\msvc\win32\release\rdp_core.obj
d:\vs_projects\mupen64\mupen64plus-core\projects\msvc\win32\release\fb.obj
d:\vs_projects\mupen64\mupen64plus-core\projects\msvc\win32\release\regcache.obj
d:\vs_projects\mupen64\mupen64plus-core\projects\msvc\win32\release\dynarec.obj
d:\vs_projects\mupen64\mupen64plus-core\projects\msvc\win32\release\assemble.obj
d:\vs_projects\mupen64\mupen64plus-core\projects\msvc\win32\release\tlb.obj
d:\vs_projects\mupen64\mupen64plus-core\projects\msvc\win32\release\recomp.obj
d:\vs_projects\mupen64\mupen64plus-core\projects\msvc\win32\release\r4300_core.obj
d:\vs_projects\mupen64\mupen64plus-core\projects\msvc\win32\release\pure_interp.obj
d:\vs_projects\mupen64\mupen64plus-core\projects\msvc\win32\release\mi_controller.obj
d:\vs_projects\mupen64\mupen64plus-core\projects\msvc\win32\release\interrupt.obj
d:\vs_projects\mupen64\mupen64plus-core\projects\msvc\win32\release\zip.obj
d:\vs_projects\mupen64\mupen64plus-core\projects\msvc\win32\release\unzip.obj
d:\vs_projects\mupen64\mupen64plus-core\projects\msvc\win32\release\ioapi.obj
d:\vs_projects\mupen64\mupen64plus-core\projects\msvc\win32\release\oglft.obj
d:\vs_projects\mupen64\mupen64plus-core\projects\msvc\win32\release\oglft_c.obj
d:\vs_projects\mupen64\mupen64plus-core\projects\msvc\win32\release\asm_defines.obj
d:\vs_projects\mupen64\mupen64plus-core\projects\msvc\win32\release\mupen64plus-core.tlog\cl.command.1.tlog
d:\vs_projects\mupen64\mupen64plus-core\projects\msvc\win32\release\mupen64plus-core.tlog\cl.read.1.tlog
d:\vs_projects\mupen64\mupen64plus-core\projects\msvc\win32\release\mupen64plus-core.tlog\cl.write.1.tlog
d:\vs_projects\mupen64\mupen64plus-core\projects\msvc\win32\release\mupen64plus-core.tlog\link.command.1.tlog
d:\vs_projects\mupen64\mupen64plus-core\projects\msvc\win32\release\mupen64plus-core.tlog\link.read.1.tlog
d:\vs_projects\mupen64\mupen64plus-core\projects\msvc\win32\release\mupen64plus-core.tlog\link.write.1.tlog
