d:\vs_projects\mupen64\mupen64plus-rsp-hle\projects\msvc\win32\release\vc140.pdb
d:\vs_projects\mupen64\mupen64plus-rsp-hle\projects\msvc\win32\release\re2.obj
d:\vs_projects\mupen64\mupen64plus-rsp-hle\projects\msvc\win32\release\plugin.obj
d:\vs_projects\mupen64\mupen64plus-rsp-hle\projects\msvc\win32\release\osal_dynamiclib_win32.obj
d:\vs_projects\mupen64\mupen64plus-rsp-hle\projects\msvc\win32\release\musyx.obj
d:\vs_projects\mupen64\mupen64plus-rsp-hle\projects\msvc\win32\release\mp3.obj
d:\vs_projects\mupen64\mupen64plus-rsp-hle\projects\msvc\win32\release\memory.obj
d:\vs_projects\mupen64\mupen64plus-rsp-hle\projects\msvc\win32\release\jpeg.obj
d:\vs_projects\mupen64\mupen64plus-rsp-hle\projects\msvc\win32\release\hvqm.obj
d:\vs_projects\mupen64\mupen64plus-rsp-hle\projects\msvc\win32\release\hle.obj
d:\vs_projects\mupen64\mupen64plus-rsp-hle\projects\msvc\win32\release\cicx105.obj
d:\vs_projects\mupen64\mupen64plus-rsp-hle\projects\msvc\win32\release\audio.obj
d:\vs_projects\mupen64\mupen64plus-rsp-hle\projects\msvc\win32\release\alist_nead.obj
d:\vs_projects\mupen64\mupen64plus-rsp-hle\projects\msvc\win32\release\alist_naudio.obj
d:\vs_projects\mupen64\mupen64plus-rsp-hle\projects\msvc\win32\release\alist_audio.obj
d:\vs_projects\mupen64\mupen64plus-rsp-hle\projects\msvc\win32\release\alist.obj
d:\vs_projects\mupen64\mupen64plus-rsp-hle\projects\msvc\win32\release\vc142.pdb
d:\vs_projects\mupen64\mupen64plus-ui-console\projects\msvc\win32\release\mupen64plus-rsp-hle.dll
d:\vs_projects\mupen64\mupen64plus-ui-console\projects\msvc\win32\release\mupen64plus-rsp-hle.pdb
d:\vs_projects\mupen64\mupen64plus-rsp-hle\projects\msvc\win32\release\mupen64plus-rsp-hle.ipdb
d:\vs_projects\mupen64\mupen64plus-rsp-hle\projects\msvc\win32\release\mupen64plus-rsp-hle.iobj
d:\vs_projects\mupen64\mupen64plus-ui-console\projects\msvc\win32\release\mupen64plus-rsp-hle.lib
d:\vs_projects\mupen64\mupen64plus-ui-console\projects\msvc\win32\release\mupen64plus-rsp-hle.exp
d:\vs_projects\mupen64\mupen64plus-rsp-hle\projects\msvc\win32\release\mupen64p.2ec7cee3.tlog\cl.command.1.tlog
d:\vs_projects\mupen64\mupen64plus-rsp-hle\projects\msvc\win32\release\mupen64p.2ec7cee3.tlog\cl.read.1.tlog
d:\vs_projects\mupen64\mupen64plus-rsp-hle\projects\msvc\win32\release\mupen64p.2ec7cee3.tlog\cl.write.1.tlog
d:\vs_projects\mupen64\mupen64plus-rsp-hle\projects\msvc\win32\release\mupen64p.2ec7cee3.tlog\link.command.1.tlog
d:\vs_projects\mupen64\mupen64plus-rsp-hle\projects\msvc\win32\release\mupen64p.2ec7cee3.tlog\link.delete.1.tlog
d:\vs_projects\mupen64\mupen64plus-rsp-hle\projects\msvc\win32\release\mupen64p.2ec7cee3.tlog\link.read.1.tlog
d:\vs_projects\mupen64\mupen64plus-rsp-hle\projects\msvc\win32\release\mupen64p.2ec7cee3.tlog\link.write.1.tlog
d:\vs_projects\mupen64\mupen64plus-rsp-hle\projects\msvc\win32\release\mupen64p.2ec7cee3.tlog\mupen64plus-rsp-hle.write.1u.tlog
