  alist.c
  alist_audio.c
  alist_naudio.c
  alist_nead.c
  audio.c
  cicx105.c
  hle.c
  hvqm.c
  jpeg.c
  memory.c
  mp3.c
  musyx.c
  osal_dynamiclib_win32.c
  plugin.c
  re2.c
     Creating library D:\VS_Projects\Mupen64\mupen64plus-ui-console\projects\msvc\Win32\Release\mupen64plus-rsp-hle.lib and object D:\VS_Projects\Mupen64\mupen64plus-ui-console\projects\msvc\Win32\Release\mupen64plus-rsp-hle.exp
  Generating code
  Previous IPDB not found, fall back to full compilation.
  All 293 functions were compiled because no usable IPDB/IOBJ from previous compilation was found.
  Finished generating code
  mupen64plus-rsp-hle.vcxproj -> D:\VS_Projects\Mupen64\mupen64plus-ui-console\projects\msvc\Win32\Release\mupen64plus-rsp-hle.dll
