d:\vs_projects\mupen64\mupen64plus-video-rice\projects\msvc\win32\release\vc140.pdb
d:\vs_projects\mupen64\mupen64plus-video-rice\projects\msvc\win32\release\rsp_parser.obj
d:\vs_projects\mupen64\mupen64plus-video-rice\projects\msvc\win32\release\rendertexture.obj
d:\vs_projects\mupen64\mupen64plus-video-rice\projects\msvc\win32\release\renderext.obj
d:\vs_projects\mupen64\mupen64plus-video-rice\projects\msvc\win32\release\renderbase.obj
d:\vs_projects\mupen64\mupen64plus-video-rice\projects\msvc\win32\release\render.obj
d:\vs_projects\mupen64\mupen64plus-video-rice\projects\msvc\win32\release\ogltexture.obj
d:\vs_projects\mupen64\mupen64plus-video-rice\projects\msvc\win32\release\oglrenderext.obj
d:\vs_projects\mupen64\mupen64plus-video-rice\projects\msvc\win32\release\oglrender.obj
d:\vs_projects\mupen64\mupen64plus-video-rice\projects\msvc\win32\release\oglgraphicscontext.obj
d:\vs_projects\mupen64\mupen64plus-video-rice\projects\msvc\win32\release\oglextensions.obj
d:\vs_projects\mupen64\mupen64plus-video-rice\projects\msvc\win32\release\oglcombiner.obj
d:\vs_projects\mupen64\mupen64plus-video-rice\projects\msvc\win32\release\graphicscontext.obj
d:\vs_projects\mupen64\mupen64plus-video-rice\projects\msvc\win32\release\framebuffer.obj
d:\vs_projects\mupen64\mupen64plus-video-rice\projects\msvc\win32\release\devicebuilder.obj
d:\vs_projects\mupen64\mupen64plus-video-rice\projects\msvc\win32\release\debugger.obj
d:\vs_projects\mupen64\mupen64plus-video-rice\projects\msvc\win32\release\convertimage16.obj
d:\vs_projects\mupen64\mupen64plus-video-rice\projects\msvc\win32\release\convertimage.obj
d:\vs_projects\mupen64\mupen64plus-video-rice\projects\msvc\win32\release\config.obj
d:\vs_projects\mupen64\mupen64plus-video-rice\projects\msvc\win32\release\combiner.obj
d:\vs_projects\mupen64\mupen64plus-video-rice\projects\msvc\win32\release\blender.obj
d:\vs_projects\mupen64\mupen64plus-video-rice\projects\msvc\win32\release\video.obj
d:\vs_projects\mupen64\mupen64plus-video-rice\projects\msvc\win32\release\vectormath.obj
d:\vs_projects\mupen64\mupen64plus-video-rice\projects\msvc\win32\release\texturemanager.obj
d:\vs_projects\mupen64\mupen64plus-video-rice\projects\msvc\win32\release\texturefilters_hq4x.obj
d:\vs_projects\mupen64\mupen64plus-video-rice\projects\msvc\win32\release\texturefilters_hq2x.obj
d:\vs_projects\mupen64\mupen64plus-video-rice\projects\msvc\win32\release\texturefilters_2xsai.obj
d:\vs_projects\mupen64\mupen64plus-video-rice\projects\msvc\win32\release\texturefilters.obj
d:\vs_projects\mupen64\mupen64plus-video-rice\projects\msvc\win32\release\texture.obj
d:\vs_projects\mupen64\mupen64plus-video-rice\projects\msvc\win32\release\rsp_s2dex.obj
d:\vs_projects\mupen64\mupen64plus-video-rice\projects\msvc\win32\release\vc142.pdb
d:\vs_projects\mupen64\mupen64plus-video-rice\projects\msvc\win32\release\pngrw.obj
d:\vs_projects\mupen64\mupen64plus-video-rice\projects\msvc\win32\release\osal_files_win32.obj
d:\vs_projects\mupen64\mupen64plus-video-rice\projects\msvc\win32\release\osal_dynamiclib_win32.obj
d:\vs_projects\mupen64\mupen64plus-video-rice\projects\msvc\win32\release\bmp.obj
d:\vs_projects\mupen64\mupen64plus-video-rice\projects\msvc\win32\release\bmgutils.obj
d:\vs_projects\mupen64\mupen64plus-video-rice\projects\msvc\win32\release\bmgimage.obj
d:\vs_projects\mupen64\mupen64plus-ui-console\projects\msvc\win32\release\mupen64plus-video-rice.dll
d:\vs_projects\mupen64\mupen64plus-ui-console\projects\msvc\win32\release\mupen64plus-video-rice.pdb
d:\vs_projects\mupen64\mupen64plus-video-rice\projects\msvc\win32\release\mupen64plus-video-rice.ipdb
d:\vs_projects\mupen64\mupen64plus-video-rice\projects\msvc\win32\release\mupen64plus-video-rice.iobj
d:\vs_projects\mupen64\mupen64plus-ui-console\projects\msvc\win32\release\mupen64plus-video-rice.lib
d:\vs_projects\mupen64\mupen64plus-ui-console\projects\msvc\win32\release\mupen64plus-video-rice.exp
d:\vs_projects\mupen64\mupen64plus-video-rice\projects\msvc\win32\release\mupen64p.7d4aff6a.tlog\cl.command.1.tlog
d:\vs_projects\mupen64\mupen64plus-video-rice\projects\msvc\win32\release\mupen64p.7d4aff6a.tlog\cl.read.1.tlog
d:\vs_projects\mupen64\mupen64plus-video-rice\projects\msvc\win32\release\mupen64p.7d4aff6a.tlog\cl.write.1.tlog
d:\vs_projects\mupen64\mupen64plus-video-rice\projects\msvc\win32\release\mupen64p.7d4aff6a.tlog\link.command.1.tlog
d:\vs_projects\mupen64\mupen64plus-video-rice\projects\msvc\win32\release\mupen64p.7d4aff6a.tlog\link.delete.1.tlog
d:\vs_projects\mupen64\mupen64plus-video-rice\projects\msvc\win32\release\mupen64p.7d4aff6a.tlog\link.read.1.tlog
d:\vs_projects\mupen64\mupen64plus-video-rice\projects\msvc\win32\release\mupen64p.7d4aff6a.tlog\link.write.1.tlog
d:\vs_projects\mupen64\mupen64plus-video-rice\projects\msvc\win32\release\mupen64p.7d4aff6a.tlog\mupen64plus-video-rice.write.1u.tlog
