  Blender.cpp
  Combiner.cpp
  Config.cpp
  ConvertImage.cpp
  ConvertImage16.cpp
  Debugger.cpp
  DeviceBuilder.cpp
  FrameBuffer.cpp
  GraphicsContext.cpp
  OGLCombiner.cpp
  OGLExtensions.cpp
  OGLGraphicsContext.cpp
  OGLRender.cpp
  OGLRenderExt.cpp
  OGLTexture.cpp
  Render.cpp
  RenderBase.cpp
  RenderExt.cpp
  RenderTexture.cpp
  RSP_Parser.cpp
  Compiling...
  RSP_S2DEX.cpp
  Texture.cpp
  TextureFilters.cpp
  TextureFilters_2xsai.cpp
  TextureFilters_hq2x.cpp
  TextureFilters_hq4x.cpp
  TextureManager.cpp
  VectorMath.cpp
  Video.cpp
  BMGImage.c
  BMGUtils.c
  bmp.c
  osal_dynamiclib_win32.c
  osal_files_win32.c
  pngrw.c
     Creating library D:\VS_Projects\Mupen64\mupen64plus-ui-console\projects\msvc\Win32\Release\mupen64plus-video-rice.lib and object D:\VS_Projects\Mupen64\mupen64plus-ui-console\projects\msvc\Win32\Release\mupen64plus-video-rice.exp
  Generating code
  Previous IPDB not found, fall back to full compilation.
  All 1101 functions were compiled because no usable IPDB/IOBJ from previous compilation was found.
  Finished generating code
  mupen64plus-video-rice.vcxproj -> D:\VS_Projects\Mupen64\mupen64plus-ui-console\projects\msvc\Win32\Release\mupen64plus-video-rice.dll
