d:\vs_projects\mupen64\mupen64plus-input-sdl\projects\msvc\win32\release\vc140.pdb
d:\vs_projects\mupen64\mupen64plus-input-sdl\projects\msvc\win32\release\sdl_key_converter.obj
d:\vs_projects\mupen64\mupen64plus-input-sdl\projects\msvc\win32\release\plugin.obj
d:\vs_projects\mupen64\mupen64plus-input-sdl\projects\msvc\win32\release\osal_dynamiclib_win32.obj
d:\vs_projects\mupen64\mupen64plus-input-sdl\projects\msvc\win32\release\config.obj
d:\vs_projects\mupen64\mupen64plus-input-sdl\projects\msvc\win32\release\autoconfig.obj
d:\vs_projects\mupen64\mupen64plus-input-sdl\projects\msvc\win32\release\vc142.pdb
d:\vs_projects\mupen64\mupen64plus-ui-console\projects\msvc\win32\release\mupen64plus-input-sdl.dll
d:\vs_projects\mupen64\mupen64plus-ui-console\projects\msvc\win32\release\mupen64plus-input-sdl.pdb
d:\vs_projects\mupen64\mupen64plus-input-sdl\projects\msvc\win32\release\mupen64plus-input-sdl.ipdb
d:\vs_projects\mupen64\mupen64plus-input-sdl\projects\msvc\win32\release\mupen64plus-input-sdl.iobj
d:\vs_projects\mupen64\mupen64plus-ui-console\projects\msvc\win32\release\mupen64plus-input-sdl.lib
d:\vs_projects\mupen64\mupen64plus-ui-console\projects\msvc\win32\release\mupen64plus-input-sdl.exp
d:\vs_projects\mupen64\mupen64plus-input-sdl\projects\msvc\win32\release\mupen64p.7f3178d0.tlog\cl.command.1.tlog
d:\vs_projects\mupen64\mupen64plus-input-sdl\projects\msvc\win32\release\mupen64p.7f3178d0.tlog\cl.read.1.tlog
d:\vs_projects\mupen64\mupen64plus-input-sdl\projects\msvc\win32\release\mupen64p.7f3178d0.tlog\cl.write.1.tlog
d:\vs_projects\mupen64\mupen64plus-input-sdl\projects\msvc\win32\release\mupen64p.7f3178d0.tlog\link.command.1.tlog
d:\vs_projects\mupen64\mupen64plus-input-sdl\projects\msvc\win32\release\mupen64p.7f3178d0.tlog\link.delete.1.tlog
d:\vs_projects\mupen64\mupen64plus-input-sdl\projects\msvc\win32\release\mupen64p.7f3178d0.tlog\link.read.1.tlog
d:\vs_projects\mupen64\mupen64plus-input-sdl\projects\msvc\win32\release\mupen64p.7f3178d0.tlog\link.write.1.tlog
d:\vs_projects\mupen64\mupen64plus-input-sdl\projects\msvc\win32\release\mupen64p.7f3178d0.tlog\mupen64plus-input-sdl.write.1u.tlog
