d:\vs_projects\mupen64\mupen64plus-core\projects\msvc\win32\debug\vc140.pdb
d:\vs_projects\mupen64\mupen64plus-core\projects\msvc\win32\debug\cart_rom.obj
d:\vs_projects\mupen64\mupen64plus-core\projects\msvc\win32\debug\cart.obj
d:\vs_projects\mupen64\mupen64plus-core\projects\msvc\win32\debug\af_rtc.obj
d:\vs_projects\mupen64\mupen64plus-core\projects\msvc\win32\debug\ai_controller.obj
d:\vs_projects\mupen64\mupen64plus-core\projects\msvc\win32\debug\dbg_memory.obj
d:\vs_projects\mupen64\mupen64plus-core\projects\msvc\win32\debug\dbg_decoder.obj
d:\vs_projects\mupen64\mupen64plus-core\projects\msvc\win32\debug\dbg_debugger.obj
d:\vs_projects\mupen64\mupen64plus-core\projects\msvc\win32\debug\dbg_breakpoints.obj
d:\vs_projects\mupen64\mupen64plus-core\projects\msvc\win32\debug\file_storage.obj
d:\vs_projects\mupen64\mupen64plus-core\projects\msvc\win32\debug\dummy_video_capture.obj
d:\vs_projects\mupen64\mupen64plus-core\projects\msvc\win32\debug\clock_ctime_plus_delta.obj
d:\vs_projects\mupen64\mupen64plus-core\projects\msvc\win32\debug\audio_plugin_compat.obj
d:\vs_projects\mupen64\mupen64plus-core\projects\msvc\win32\debug\input_plugin_compat.obj
d:\vs_projects\mupen64\mupen64plus-core\projects\msvc\win32\debug\video_capture_backend.obj
d:\vs_projects\mupen64\mupen64plus-core\projects\msvc\win32\debug\vidext.obj
d:\vs_projects\mupen64\mupen64plus-core\projects\msvc\win32\debug\frontend.obj
d:\vs_projects\mupen64\mupen64plus-core\projects\msvc\win32\debug\debugger.obj
d:\vs_projects\mupen64\mupen64plus-core\projects\msvc\win32\debug\config.obj
d:\vs_projects\mupen64\mupen64plus-core\projects\msvc\win32\debug\common.obj
d:\vs_projects\mupen64\mupen64plus-core\projects\msvc\win32\debug\callbacks.obj
d:\vs_projects\mupen64\mupen64plus-core\projects\msvc\win32\debug\netplay.obj
d:\vs_projects\mupen64\mupen64plus-core\projects\msvc\win32\debug\main.obj
d:\vs_projects\mupen64\mupen64plus-core\projects\msvc\win32\debug\lirc.obj
d:\vs_projects\mupen64\mupen64plus-core\projects\msvc\win32\debug\eventloop.obj
d:\vs_projects\mupen64\mupen64plus-core\projects\msvc\win32\debug\device.obj
d:\vs_projects\mupen64\mupen64plus-core\projects\msvc\win32\debug\cheat.obj
d:\vs_projects\mupen64\mupen64plus-core\projects\msvc\win32\debug\bootrom_hle.obj
d:\vs_projects\mupen64\mupen64plus-core\projects\msvc\win32\debug\mbc3_rtc.obj
d:\vs_projects\mupen64\mupen64plus-core\projects\msvc\win32\debug\m64282fp.obj
d:\vs_projects\mupen64\mupen64plus-core\projects\msvc\win32\debug\gb_cart.obj
d:\vs_projects\mupen64\mupen64plus-core\projects\msvc\win32\debug\disk.obj
d:\vs_projects\mupen64\mupen64plus-core\projects\msvc\win32\debug\dd_controller.obj
d:\vs_projects\mupen64\mupen64plus-core\projects\msvc\win32\debug\transferpak.obj
d:\vs_projects\mupen64\mupen64plus-core\projects\msvc\win32\debug\rumblepak.obj
d:\vs_projects\mupen64\mupen64plus-core\projects\msvc\win32\debug\mempak.obj
d:\vs_projects\mupen64\mupen64plus-core\projects\msvc\win32\debug\biopak.obj
d:\vs_projects\mupen64\mupen64plus-core\projects\msvc\win32\debug\game_controller.obj
d:\vs_projects\mupen64\mupen64plus-core\projects\msvc\win32\debug\sram.obj
d:\vs_projects\mupen64\mupen64plus-core\projects\msvc\win32\debug\flashram.obj
d:\vs_projects\mupen64\mupen64plus-core\projects\msvc\win32\debug\eeprom.obj
d:\vs_projects\mupen64\mupen64plus-core\projects\msvc\win32\debug\idec.obj
d:\vs_projects\mupen64\mupen64plus-core\projects\msvc\win32\debug\cp1.obj
d:\vs_projects\mupen64\mupen64plus-core\projects\msvc\win32\debug\cp0.obj
d:\vs_projects\mupen64\mupen64plus-core\projects\msvc\win32\debug\cached_interp.obj
d:\vs_projects\mupen64\mupen64plus-core\projects\msvc\win32\debug\plugin.obj
d:\vs_projects\mupen64\mupen64plus-core\projects\msvc\win32\debug\dummy_video.obj
d:\vs_projects\mupen64\mupen64plus-core\projects\msvc\win32\debug\dummy_rsp.obj
d:\vs_projects\mupen64\mupen64plus-core\projects\msvc\win32\debug\dummy_input.obj
d:\vs_projects\mupen64\mupen64plus-core\projects\msvc\win32\debug\dummy_audio.obj
d:\vs_projects\mupen64\mupen64plus-core\projects\msvc\win32\debug\pi_controller.obj
d:\vs_projects\mupen64\mupen64plus-core\projects\msvc\win32\debug\osd.obj
d:\vs_projects\mupen64\mupen64plus-core\projects\msvc\win32\debug\files_win32.obj
d:\vs_projects\mupen64\mupen64plus-core\projects\msvc\win32\debug\dynamiclib_win32.obj
d:\vs_projects\mupen64\mupen64plus-core\projects\msvc\win32\debug\memory.obj
d:\vs_projects\mupen64\mupen64plus-core\projects\msvc\win32\debug\workqueue.obj
d:\vs_projects\mupen64\mupen64plus-core\projects\msvc\win32\debug\util.obj
d:\vs_projects\mupen64\mupen64plus-core\projects\msvc\win32\debug\sdl_key_converter.obj
d:\vs_projects\mupen64\mupen64plus-core\projects\msvc\win32\debug\screenshot.obj
d:\vs_projects\mupen64\mupen64plus-core\projects\msvc\win32\debug\savestates.obj
d:\vs_projects\mupen64\mupen64plus-core\projects\msvc\win32\debug\rom.obj
d:\vs_projects\mupen64\mupen64plus-core\projects\msvc\win32\debug\md5.obj
d:\vs_projects\mupen64\mupen64plus-core\projects\msvc\win32\debug\pif.obj
d:\vs_projects\mupen64\mupen64plus-core\projects\msvc\win32\debug\n64_cic_nus_6105.obj
d:\vs_projects\mupen64\mupen64plus-core\projects\msvc\win32\debug\cic.obj
d:\vs_projects\mupen64\mupen64plus-core\projects\msvc\win32\debug\rdram.obj
d:\vs_projects\mupen64\mupen64plus-core\projects\msvc\win32\debug\vi_controller.obj
d:\vs_projects\mupen64\mupen64plus-core\projects\msvc\win32\debug\si_controller.obj
d:\vs_projects\mupen64\mupen64plus-core\projects\msvc\win32\debug\rsp_core.obj
d:\vs_projects\mupen64\mupen64plus-core\projects\msvc\win32\debug\ri_controller.obj
d:\vs_projects\mupen64\mupen64plus-core\projects\msvc\win32\debug\rdp_core.obj
d:\vs_projects\mupen64\mupen64plus-core\projects\msvc\win32\debug\fb.obj
d:\vs_projects\mupen64\mupen64plus-core\projects\msvc\win32\debug\regcache.obj
d:\vs_projects\mupen64\mupen64plus-core\projects\msvc\win32\debug\dynarec.obj
d:\vs_projects\mupen64\mupen64plus-core\projects\msvc\win32\debug\assemble.obj
d:\vs_projects\mupen64\mupen64plus-core\projects\msvc\win32\debug\tlb.obj
d:\vs_projects\mupen64\mupen64plus-core\projects\msvc\win32\debug\recomp.obj
d:\vs_projects\mupen64\mupen64plus-core\projects\msvc\win32\debug\r4300_core.obj
d:\vs_projects\mupen64\mupen64plus-core\projects\msvc\win32\debug\pure_interp.obj
d:\vs_projects\mupen64\mupen64plus-core\projects\msvc\win32\debug\mi_controller.obj
d:\vs_projects\mupen64\mupen64plus-core\projects\msvc\win32\debug\interrupt.obj
d:\vs_projects\mupen64\mupen64plus-core\projects\msvc\win32\debug\zip.obj
d:\vs_projects\mupen64\mupen64plus-core\projects\msvc\win32\debug\unzip.obj
d:\vs_projects\mupen64\mupen64plus-core\projects\msvc\win32\debug\ioapi.obj
d:\vs_projects\mupen64\mupen64plus-core\projects\msvc\win32\debug\oglft.obj
d:\vs_projects\mupen64\mupen64plus-core\projects\msvc\win32\debug\oglft_c.obj
d:\vs_projects\mupen64\mupen64plus-core\projects\msvc\win32\debug\asm_defines.obj
d:\vs_projects\mupen64\mupen64plus-core\projects\msvc\win32\debug\mupen64plus-core.tlog\cl.command.1.tlog
d:\vs_projects\mupen64\mupen64plus-core\projects\msvc\win32\debug\mupen64plus-core.tlog\cl.read.1.tlog
d:\vs_projects\mupen64\mupen64plus-core\projects\msvc\win32\debug\mupen64plus-core.tlog\cl.write.1.tlog
d:\vs_projects\mupen64\mupen64plus-core\projects\msvc\win32\debug\mupen64plus-core.tlog\link.command.1.tlog
d:\vs_projects\mupen64\mupen64plus-core\projects\msvc\win32\debug\mupen64plus-core.tlog\link.read.1.tlog
d:\vs_projects\mupen64\mupen64plus-core\projects\msvc\win32\debug\mupen64plus-core.tlog\link.write.1.tlog
