d:\vs_projects\mupen64\mupen64plus-ui-console\projects\msvc\win32\debug\vc140.pdb
d:\vs_projects\mupen64\mupen64plus-ui-console\projects\msvc\win32\debug\plugin.obj
d:\vs_projects\mupen64\mupen64plus-ui-console\projects\msvc\win32\debug\osal_files_win32.obj
d:\vs_projects\mupen64\mupen64plus-ui-console\projects\msvc\win32\debug\osal_dynamiclib_win32.obj
d:\vs_projects\mupen64\mupen64plus-ui-console\projects\msvc\win32\debug\main.obj
d:\vs_projects\mupen64\mupen64plus-ui-console\projects\msvc\win32\debug\debugger.obj
d:\vs_projects\mupen64\mupen64plus-ui-console\projects\msvc\win32\debug\core_interface.obj
d:\vs_projects\mupen64\mupen64plus-ui-console\projects\msvc\win32\debug\compare_core.obj
d:\vs_projects\mupen64\mupen64plus-ui-console\projects\msvc\win32\debug\cheat.obj
d:\vs_projects\mupen64\mupen64plus-ui-console\projects\msvc\win32\debug\mupen64plus-ui-console.ilk
d:\vs_projects\mupen64\mupen64plus-ui-console\projects\msvc\win32\debug\mupen64plus-ui-console.exe
d:\vs_projects\mupen64\mupen64plus-ui-console\projects\msvc\win32\debug\mupen64plus-ui-console.pdb
d:\vs_projects\mupen64\mupen64plus-ui-console\projects\msvc\win32\debug\mupen64plus-audio-sdl.ilk
d:\vs_projects\mupen64\mupen64plus-ui-console\projects\msvc\win32\debug\mupen64plus-input-sdl.ilk
d:\vs_projects\mupen64\mupen64plus-ui-console\projects\msvc\win32\debug\mupen64plus-rsp-cxd4.ilk
d:\vs_projects\mupen64\mupen64plus-ui-console\projects\msvc\win32\debug\mupen64plus-rsp-hle.ilk
d:\vs_projects\mupen64\mupen64plus-ui-console\projects\msvc\win32\debug\mupen64plus-video-glide64mk2.ilk
d:\vs_projects\mupen64\mupen64plus-ui-console\projects\msvc\win32\debug\mupen64plus-video-rice.ilk
d:\vs_projects\mupen64\mupen64plus-ui-console\projects\msvc\win32\debug\mupen64plus-audio-sdl.exp
d:\vs_projects\mupen64\mupen64plus-ui-console\projects\msvc\win32\debug\mupen64plus-input-sdl.exp
d:\vs_projects\mupen64\mupen64plus-ui-console\projects\msvc\win32\debug\mupen64plus-rsp-cxd4.exp
d:\vs_projects\mupen64\mupen64plus-ui-console\projects\msvc\win32\debug\mupen64plus-rsp-hle.exp
d:\vs_projects\mupen64\mupen64plus-ui-console\projects\msvc\win32\debug\mupen64plus-video-glide64mk2.exp
d:\vs_projects\mupen64\mupen64plus-ui-console\projects\msvc\win32\debug\mupen64plus-video-rice.exp
d:\vs_projects\mupen64\mupen64plus-ui-console\projects\msvc\win32\debug\mupen64plus-audio-sdl.pdb
d:\vs_projects\mupen64\mupen64plus-ui-console\projects\msvc\win32\debug\mupen64plus-input-sdl.pdb
d:\vs_projects\mupen64\mupen64plus-ui-console\projects\msvc\win32\debug\mupen64plus-rsp-cxd4.pdb
d:\vs_projects\mupen64\mupen64plus-ui-console\projects\msvc\win32\debug\mupen64plus-rsp-hle.pdb
d:\vs_projects\mupen64\mupen64plus-ui-console\projects\msvc\win32\debug\mupen64plus-video-glide64mk2.pdb
d:\vs_projects\mupen64\mupen64plus-ui-console\projects\msvc\win32\debug\mupen64plus-video-rice.pdb
d:\vs_projects\mupen64\mupen64plus-ui-console\projects\msvc\win32\debug\mupen64p.0e29d9f8.tlog\cl.command.1.tlog
d:\vs_projects\mupen64\mupen64plus-ui-console\projects\msvc\win32\debug\mupen64p.0e29d9f8.tlog\cl.read.1.tlog
d:\vs_projects\mupen64\mupen64plus-ui-console\projects\msvc\win32\debug\mupen64p.0e29d9f8.tlog\cl.write.1.tlog
d:\vs_projects\mupen64\mupen64plus-ui-console\projects\msvc\win32\debug\mupen64p.0e29d9f8.tlog\link.command.1.tlog
d:\vs_projects\mupen64\mupen64plus-ui-console\projects\msvc\win32\debug\mupen64p.0e29d9f8.tlog\link.read.1.tlog
d:\vs_projects\mupen64\mupen64plus-ui-console\projects\msvc\win32\debug\mupen64p.0e29d9f8.tlog\link.write.1.tlog
