  3dmath.cpp
  Combine.cpp
  Config.cpp
  CRC.cpp
  Debugger.cpp
  DepthBufferRender.cpp
  FBtoScreen.cpp
  Ini.cpp
  Keys.cpp
  Main.cpp
  rdp.cpp
  TexBuffer.cpp
  TexCache.cpp
  Util.cpp
  Ext_TxFilter.cpp
  s2tc_algorithm.cpp
  s2tc_libtxc_dxtn.cpp
  TextureFilters.cpp
  TextureFilters_2xsai.cpp
  TextureFilters_hq2x.cpp
  Compiling...
  TextureFilters_hq4x.cpp
  TxCache.cpp
  TxDbg.cpp
  TxFilter.cpp
  TxFilterExport.cpp
  TxHiResCache.cpp
  TxImage.cpp
  TxQuantize.cpp
  TxReSample.cpp
  TxTexCache.cpp
  TxUtil.cpp
  OGLcombiner.cpp
  OGLgeometry.cpp
  OGLglitchmain.cpp
  OGLtextures.cpp
  osal_dynamiclib_win32.c
  fxt1.c
  texstore.c
  wrapper.c
     Creating library D:\VS_Projects\Mupen64\mupen64plus-ui-console\projects\msvc\Win32\Release\mupen64plus-video-glide64mk2.lib and object D:\VS_Projects\Mupen64\mupen64plus-ui-console\projects\msvc\Win32\Release\mupen64plus-video-glide64mk2.exp
  Generating code
  Previous IPDB not found, fall back to full compilation.
  All 1901 functions were compiled because no usable IPDB/IOBJ from previous compilation was found.
  Finished generating code
  mupen64plus-video-glide64mk2.vcxproj -> D:\VS_Projects\Mupen64\mupen64plus-ui-console\projects\msvc\Win32\Release\mupen64plus-video-glide64mk2.dll
