d:\vs_projects\mupen64\mupen64plus-video-glide64mk2\projects\msvc\win32\release\vc140.pdb
d:\vs_projects\mupen64\mupen64plus-video-glide64mk2\projects\msvc\win32\release\texturefilters_hq2x.obj
d:\vs_projects\mupen64\mupen64plus-video-glide64mk2\projects\msvc\win32\release\texturefilters_2xsai.obj
d:\vs_projects\mupen64\mupen64plus-video-glide64mk2\projects\msvc\win32\release\texturefilters.obj
d:\vs_projects\mupen64\mupen64plus-video-glide64mk2\projects\msvc\win32\release\s2tc_libtxc_dxtn.obj
d:\vs_projects\mupen64\mupen64plus-video-glide64mk2\projects\msvc\win32\release\s2tc_algorithm.obj
d:\vs_projects\mupen64\mupen64plus-video-glide64mk2\projects\msvc\win32\release\ext_txfilter.obj
d:\vs_projects\mupen64\mupen64plus-video-glide64mk2\projects\msvc\win32\release\util.obj
d:\vs_projects\mupen64\mupen64plus-video-glide64mk2\projects\msvc\win32\release\texcache.obj
d:\vs_projects\mupen64\mupen64plus-video-glide64mk2\projects\msvc\win32\release\texbuffer.obj
d:\vs_projects\mupen64\mupen64plus-video-glide64mk2\projects\msvc\win32\release\rdp.obj
d:\vs_projects\mupen64\mupen64plus-video-glide64mk2\projects\msvc\win32\release\main.obj
d:\vs_projects\mupen64\mupen64plus-video-glide64mk2\projects\msvc\win32\release\keys.obj
d:\vs_projects\mupen64\mupen64plus-video-glide64mk2\projects\msvc\win32\release\ini.obj
d:\vs_projects\mupen64\mupen64plus-video-glide64mk2\projects\msvc\win32\release\fbtoscreen.obj
d:\vs_projects\mupen64\mupen64plus-video-glide64mk2\projects\msvc\win32\release\depthbufferrender.obj
d:\vs_projects\mupen64\mupen64plus-video-glide64mk2\projects\msvc\win32\release\debugger.obj
d:\vs_projects\mupen64\mupen64plus-video-glide64mk2\projects\msvc\win32\release\crc.obj
d:\vs_projects\mupen64\mupen64plus-video-glide64mk2\projects\msvc\win32\release\config.obj
d:\vs_projects\mupen64\mupen64plus-video-glide64mk2\projects\msvc\win32\release\combine.obj
d:\vs_projects\mupen64\mupen64plus-video-glide64mk2\projects\msvc\win32\release\3dmath.obj
d:\vs_projects\mupen64\mupen64plus-video-glide64mk2\projects\msvc\win32\release\ogltextures.obj
d:\vs_projects\mupen64\mupen64plus-video-glide64mk2\projects\msvc\win32\release\oglglitchmain.obj
d:\vs_projects\mupen64\mupen64plus-video-glide64mk2\projects\msvc\win32\release\oglgeometry.obj
d:\vs_projects\mupen64\mupen64plus-video-glide64mk2\projects\msvc\win32\release\oglcombiner.obj
d:\vs_projects\mupen64\mupen64plus-video-glide64mk2\projects\msvc\win32\release\txutil.obj
d:\vs_projects\mupen64\mupen64plus-video-glide64mk2\projects\msvc\win32\release\txtexcache.obj
d:\vs_projects\mupen64\mupen64plus-video-glide64mk2\projects\msvc\win32\release\txresample.obj
d:\vs_projects\mupen64\mupen64plus-video-glide64mk2\projects\msvc\win32\release\txquantize.obj
d:\vs_projects\mupen64\mupen64plus-video-glide64mk2\projects\msvc\win32\release\tximage.obj
d:\vs_projects\mupen64\mupen64plus-video-glide64mk2\projects\msvc\win32\release\txhirescache.obj
d:\vs_projects\mupen64\mupen64plus-video-glide64mk2\projects\msvc\win32\release\txfilterexport.obj
d:\vs_projects\mupen64\mupen64plus-video-glide64mk2\projects\msvc\win32\release\txfilter.obj
d:\vs_projects\mupen64\mupen64plus-video-glide64mk2\projects\msvc\win32\release\txdbg.obj
d:\vs_projects\mupen64\mupen64plus-video-glide64mk2\projects\msvc\win32\release\txcache.obj
d:\vs_projects\mupen64\mupen64plus-video-glide64mk2\projects\msvc\win32\release\texturefilters_hq4x.obj
d:\vs_projects\mupen64\mupen64plus-video-glide64mk2\projects\msvc\win32\release\wrapper.obj
d:\vs_projects\mupen64\mupen64plus-video-glide64mk2\projects\msvc\win32\release\texstore.obj
d:\vs_projects\mupen64\mupen64plus-video-glide64mk2\projects\msvc\win32\release\fxt1.obj
d:\vs_projects\mupen64\mupen64plus-video-glide64mk2\projects\msvc\win32\release\osal_dynamiclib_win32.obj
d:\vs_projects\mupen64\mupen64plus-ui-console\projects\msvc\win32\release\mupen64plus-video-glide64mk2.dll
d:\vs_projects\mupen64\mupen64plus-ui-console\projects\msvc\win32\release\mupen64plus-video-glide64mk2.ipdb
d:\vs_projects\mupen64\mupen64plus-ui-console\projects\msvc\win32\release\mupen64plus-video-glide64mk2.iobj
d:\vs_projects\mupen64\mupen64plus-ui-console\projects\msvc\win32\release\mupen64plus-video-glide64mk2.pdb
d:\vs_projects\mupen64\mupen64plus-ui-console\projects\msvc\win32\release\mupen64plus-video-glide64mk2.lib
d:\vs_projects\mupen64\mupen64plus-ui-console\projects\msvc\win32\release\mupen64plus-video-glide64mk2.exp
d:\vs_projects\mupen64\mupen64plus-video-glide64mk2\projects\msvc\win32\release\mupen64p.a4d13408.tlog\cl.command.1.tlog
d:\vs_projects\mupen64\mupen64plus-video-glide64mk2\projects\msvc\win32\release\mupen64p.a4d13408.tlog\cl.read.1.tlog
d:\vs_projects\mupen64\mupen64plus-video-glide64mk2\projects\msvc\win32\release\mupen64p.a4d13408.tlog\cl.write.1.tlog
d:\vs_projects\mupen64\mupen64plus-video-glide64mk2\projects\msvc\win32\release\mupen64p.a4d13408.tlog\link.command.1.tlog
d:\vs_projects\mupen64\mupen64plus-video-glide64mk2\projects\msvc\win32\release\mupen64p.a4d13408.tlog\link.read.1.tlog
d:\vs_projects\mupen64\mupen64plus-video-glide64mk2\projects\msvc\win32\release\mupen64p.a4d13408.tlog\link.write.1.tlog
d:\vs_projects\mupen64\mupen64plus-video-glide64mk2\projects\msvc\win32\release\mupen64p.a4d13408.tlog\mupen64plus-video-glide64mk2.write.1u.tlog
