d:\vs_projects\mupen64\mupen64plus-ui-console\projects\msvc\win32\release\vc140.pdb
d:\vs_projects\mupen64\mupen64plus-ui-console\projects\msvc\win32\release\plugin.obj
d:\vs_projects\mupen64\mupen64plus-ui-console\projects\msvc\win32\release\osal_files_win32.obj
d:\vs_projects\mupen64\mupen64plus-ui-console\projects\msvc\win32\release\osal_dynamiclib_win32.obj
d:\vs_projects\mupen64\mupen64plus-ui-console\projects\msvc\win32\release\main.obj
d:\vs_projects\mupen64\mupen64plus-ui-console\projects\msvc\win32\release\debugger.obj
d:\vs_projects\mupen64\mupen64plus-ui-console\projects\msvc\win32\release\core_interface.obj
d:\vs_projects\mupen64\mupen64plus-ui-console\projects\msvc\win32\release\compare_core.obj
d:\vs_projects\mupen64\mupen64plus-ui-console\projects\msvc\win32\release\cheat.obj
d:\vs_projects\mupen64\mupen64plus-ui-console\projects\msvc\win32\release\vc142.pdb
d:\vs_projects\mupen64\mupen64plus-ui-console\projects\msvc\win32\release\mupen64plus-ui-console.exe
d:\vs_projects\mupen64\mupen64plus-ui-console\projects\msvc\win32\release\mupen64plus-ui-console.pdb
d:\vs_projects\mupen64\mupen64plus-ui-console\projects\msvc\win32\release\mupen64plus-ui-console.ipdb
d:\vs_projects\mupen64\mupen64plus-ui-console\projects\msvc\win32\release\mupen64plus-ui-console.iobj
d:\vs_projects\mupen64\mupen64plus-ui-console\projects\msvc\win32\release\mupen64plus-audio-sdl.ipdb
d:\vs_projects\mupen64\mupen64plus-ui-console\projects\msvc\win32\release\mupen64plus-input-sdl.ipdb
d:\vs_projects\mupen64\mupen64plus-ui-console\projects\msvc\win32\release\mupen64plus-rsp-cxd4.ipdb
d:\vs_projects\mupen64\mupen64plus-ui-console\projects\msvc\win32\release\mupen64plus-rsp-hle.ipdb
d:\vs_projects\mupen64\mupen64plus-ui-console\projects\msvc\win32\release\mupen64plus-video-glide64mk2.ipdb
d:\vs_projects\mupen64\mupen64plus-ui-console\projects\msvc\win32\release\mupen64plus-video-rice.ipdb
d:\vs_projects\mupen64\mupen64plus-ui-console\projects\msvc\win32\release\mupen64plus-audio-sdl.iobj
d:\vs_projects\mupen64\mupen64plus-ui-console\projects\msvc\win32\release\mupen64plus-input-sdl.iobj
d:\vs_projects\mupen64\mupen64plus-ui-console\projects\msvc\win32\release\mupen64plus-rsp-cxd4.iobj
d:\vs_projects\mupen64\mupen64plus-ui-console\projects\msvc\win32\release\mupen64plus-rsp-hle.iobj
d:\vs_projects\mupen64\mupen64plus-ui-console\projects\msvc\win32\release\mupen64plus-video-glide64mk2.iobj
d:\vs_projects\mupen64\mupen64plus-ui-console\projects\msvc\win32\release\mupen64plus-video-rice.iobj
d:\vs_projects\mupen64\mupen64plus-ui-console\projects\msvc\win32\release\mupen64plus-audio-sdl.exp
d:\vs_projects\mupen64\mupen64plus-ui-console\projects\msvc\win32\release\mupen64plus-input-sdl.exp
d:\vs_projects\mupen64\mupen64plus-ui-console\projects\msvc\win32\release\mupen64plus-rsp-cxd4.exp
d:\vs_projects\mupen64\mupen64plus-ui-console\projects\msvc\win32\release\mupen64plus-rsp-hle.exp
d:\vs_projects\mupen64\mupen64plus-ui-console\projects\msvc\win32\release\mupen64plus-video-glide64mk2.exp
d:\vs_projects\mupen64\mupen64plus-ui-console\projects\msvc\win32\release\mupen64plus-video-rice.exp
d:\vs_projects\mupen64\mupen64plus-ui-console\projects\msvc\win32\release\mupen64plus-audio-sdl.pdb
d:\vs_projects\mupen64\mupen64plus-ui-console\projects\msvc\win32\release\mupen64plus-input-sdl.pdb
d:\vs_projects\mupen64\mupen64plus-ui-console\projects\msvc\win32\release\mupen64plus-rsp-cxd4.pdb
d:\vs_projects\mupen64\mupen64plus-ui-console\projects\msvc\win32\release\mupen64plus-rsp-hle.pdb
d:\vs_projects\mupen64\mupen64plus-ui-console\projects\msvc\win32\release\mupen64plus-video-glide64mk2.pdb
d:\vs_projects\mupen64\mupen64plus-ui-console\projects\msvc\win32\release\mupen64plus-video-rice.pdb
d:\vs_projects\mupen64\mupen64plus-ui-console\projects\msvc\win32\release\mupen64p.0e29d9f8.tlog\cl.command.1.tlog
d:\vs_projects\mupen64\mupen64plus-ui-console\projects\msvc\win32\release\mupen64p.0e29d9f8.tlog\cl.read.1.tlog
d:\vs_projects\mupen64\mupen64plus-ui-console\projects\msvc\win32\release\mupen64p.0e29d9f8.tlog\cl.write.1.tlog
d:\vs_projects\mupen64\mupen64plus-ui-console\projects\msvc\win32\release\mupen64p.0e29d9f8.tlog\link.command.1.tlog
d:\vs_projects\mupen64\mupen64plus-ui-console\projects\msvc\win32\release\mupen64p.0e29d9f8.tlog\link.read.1.tlog
d:\vs_projects\mupen64\mupen64plus-ui-console\projects\msvc\win32\release\mupen64p.0e29d9f8.tlog\link.write.1.tlog
d:\vs_projects\mupen64\mupen64plus-ui-console\projects\msvc\win32\release\mupen64p.0e29d9f8.tlog\mupen64plus-ui-console.write.1u.tlog
