d:\vs_projects\mupen64\mupen64plus-video-glide64mk2\projects\msvc\win32\debug\vc140.pdb
d:\vs_projects\mupen64\mupen64plus-video-glide64mk2\projects\msvc\win32\debug\texturefilters_hq2x.obj
d:\vs_projects\mupen64\mupen64plus-video-glide64mk2\projects\msvc\win32\debug\texturefilters_2xsai.obj
d:\vs_projects\mupen64\mupen64plus-video-glide64mk2\projects\msvc\win32\debug\texturefilters.obj
d:\vs_projects\mupen64\mupen64plus-video-glide64mk2\projects\msvc\win32\debug\s2tc_libtxc_dxtn.obj
d:\vs_projects\mupen64\mupen64plus-video-glide64mk2\projects\msvc\win32\debug\s2tc_algorithm.obj
d:\vs_projects\mupen64\mupen64plus-video-glide64mk2\projects\msvc\win32\debug\ext_txfilter.obj
d:\vs_projects\mupen64\mupen64plus-video-glide64mk2\projects\msvc\win32\debug\util.obj
d:\vs_projects\mupen64\mupen64plus-video-glide64mk2\projects\msvc\win32\debug\texcache.obj
d:\vs_projects\mupen64\mupen64plus-video-glide64mk2\projects\msvc\win32\debug\texbuffer.obj
d:\vs_projects\mupen64\mupen64plus-video-glide64mk2\projects\msvc\win32\debug\rdp.obj
d:\vs_projects\mupen64\mupen64plus-video-glide64mk2\projects\msvc\win32\debug\main.obj
d:\vs_projects\mupen64\mupen64plus-video-glide64mk2\projects\msvc\win32\debug\keys.obj
d:\vs_projects\mupen64\mupen64plus-video-glide64mk2\projects\msvc\win32\debug\ini.obj
d:\vs_projects\mupen64\mupen64plus-video-glide64mk2\projects\msvc\win32\debug\fbtoscreen.obj
d:\vs_projects\mupen64\mupen64plus-video-glide64mk2\projects\msvc\win32\debug\depthbufferrender.obj
d:\vs_projects\mupen64\mupen64plus-video-glide64mk2\projects\msvc\win32\debug\debugger.obj
d:\vs_projects\mupen64\mupen64plus-video-glide64mk2\projects\msvc\win32\debug\crc.obj
d:\vs_projects\mupen64\mupen64plus-video-glide64mk2\projects\msvc\win32\debug\config.obj
d:\vs_projects\mupen64\mupen64plus-video-glide64mk2\projects\msvc\win32\debug\combine.obj
d:\vs_projects\mupen64\mupen64plus-video-glide64mk2\projects\msvc\win32\debug\3dmath.obj
d:\vs_projects\mupen64\mupen64plus-video-glide64mk2\projects\msvc\win32\debug\ogltextures.obj
d:\vs_projects\mupen64\mupen64plus-video-glide64mk2\projects\msvc\win32\debug\oglglitchmain.obj
d:\vs_projects\mupen64\mupen64plus-video-glide64mk2\projects\msvc\win32\debug\oglgeometry.obj
d:\vs_projects\mupen64\mupen64plus-video-glide64mk2\projects\msvc\win32\debug\oglcombiner.obj
d:\vs_projects\mupen64\mupen64plus-video-glide64mk2\projects\msvc\win32\debug\txutil.obj
d:\vs_projects\mupen64\mupen64plus-video-glide64mk2\projects\msvc\win32\debug\txtexcache.obj
d:\vs_projects\mupen64\mupen64plus-video-glide64mk2\projects\msvc\win32\debug\txresample.obj
d:\vs_projects\mupen64\mupen64plus-video-glide64mk2\projects\msvc\win32\debug\txquantize.obj
d:\vs_projects\mupen64\mupen64plus-video-glide64mk2\projects\msvc\win32\debug\tximage.obj
d:\vs_projects\mupen64\mupen64plus-video-glide64mk2\projects\msvc\win32\debug\txhirescache.obj
d:\vs_projects\mupen64\mupen64plus-video-glide64mk2\projects\msvc\win32\debug\txfilterexport.obj
d:\vs_projects\mupen64\mupen64plus-video-glide64mk2\projects\msvc\win32\debug\txfilter.obj
d:\vs_projects\mupen64\mupen64plus-video-glide64mk2\projects\msvc\win32\debug\txdbg.obj
d:\vs_projects\mupen64\mupen64plus-video-glide64mk2\projects\msvc\win32\debug\txcache.obj
d:\vs_projects\mupen64\mupen64plus-video-glide64mk2\projects\msvc\win32\debug\texturefilters_hq4x.obj
d:\vs_projects\mupen64\mupen64plus-video-glide64mk2\projects\msvc\win32\debug\wrapper.obj
d:\vs_projects\mupen64\mupen64plus-video-glide64mk2\projects\msvc\win32\debug\texstore.obj
d:\vs_projects\mupen64\mupen64plus-video-glide64mk2\projects\msvc\win32\debug\fxt1.obj
d:\vs_projects\mupen64\mupen64plus-video-glide64mk2\projects\msvc\win32\debug\osal_dynamiclib_win32.obj
d:\vs_projects\mupen64\mupen64plus-ui-console\projects\msvc\win32\debug\mupen64plus-video-glide64mk2.ilk
d:\vs_projects\mupen64\mupen64plus-ui-console\projects\msvc\win32\debug\mupen64plus-video-glide64mk2.dll
d:\vs_projects\mupen64\mupen64plus-ui-console\projects\msvc\win32\debug\mupen64plus-video-glide64mk2.pdb
d:\vs_projects\mupen64\mupen64plus-ui-console\projects\msvc\win32\debug\mupen64plus-video-glide64mk2.lib
d:\vs_projects\mupen64\mupen64plus-ui-console\projects\msvc\win32\debug\mupen64plus-video-glide64mk2.exp
d:\vs_projects\mupen64\mupen64plus-video-glide64mk2\projects\msvc\win32\debug\mupen64p.a4d13408.tlog\cl.command.1.tlog
d:\vs_projects\mupen64\mupen64plus-video-glide64mk2\projects\msvc\win32\debug\mupen64p.a4d13408.tlog\cl.read.1.tlog
d:\vs_projects\mupen64\mupen64plus-video-glide64mk2\projects\msvc\win32\debug\mupen64p.a4d13408.tlog\cl.write.1.tlog
d:\vs_projects\mupen64\mupen64plus-video-glide64mk2\projects\msvc\win32\debug\mupen64p.a4d13408.tlog\link.command.1.tlog
d:\vs_projects\mupen64\mupen64plus-video-glide64mk2\projects\msvc\win32\debug\mupen64p.a4d13408.tlog\link.read.1.tlog
d:\vs_projects\mupen64\mupen64plus-video-glide64mk2\projects\msvc\win32\debug\mupen64p.a4d13408.tlog\link.write.1.tlog
d:\vs_projects\mupen64\mupen64plus-video-glide64mk2\projects\msvc\win32\debug\mupen64p.a4d13408.tlog\mupen64plus-video-glide64mk2.write.1u.tlog
