d:\vs_projects\mupen64\mupen64plus-rsp-cxd4\projects\msvc\win32\release\vc140.pdb
d:\vs_projects\mupen64\mupen64plus-rsp-cxd4\projects\msvc\win32\release\vu.obj
d:\vs_projects\mupen64\mupen64plus-rsp-cxd4\projects\msvc\win32\release\select.obj
d:\vs_projects\mupen64\mupen64plus-rsp-cxd4\projects\msvc\win32\release\multiply.obj
d:\vs_projects\mupen64\mupen64plus-rsp-cxd4\projects\msvc\win32\release\logical.obj
d:\vs_projects\mupen64\mupen64plus-rsp-cxd4\projects\msvc\win32\release\divide.obj
d:\vs_projects\mupen64\mupen64plus-rsp-cxd4\projects\msvc\win32\release\add.obj
d:\vs_projects\mupen64\mupen64plus-rsp-cxd4\projects\msvc\win32\release\su.obj
d:\vs_projects\mupen64\mupen64plus-rsp-cxd4\projects\msvc\win32\release\osal_dynamiclib_win32.obj
d:\vs_projects\mupen64\mupen64plus-rsp-cxd4\projects\msvc\win32\release\module.obj
d:\vs_projects\mupen64\mupen64plus-ui-console\projects\msvc\win32\release\mupen64plus-rsp-cxd4.dll
d:\vs_projects\mupen64\mupen64plus-ui-console\projects\msvc\win32\release\mupen64plus-rsp-cxd4.ipdb
d:\vs_projects\mupen64\mupen64plus-ui-console\projects\msvc\win32\release\mupen64plus-rsp-cxd4.iobj
d:\vs_projects\mupen64\mupen64plus-ui-console\projects\msvc\win32\release\mupen64plus-rsp-cxd4.pdb
d:\vs_projects\mupen64\mupen64plus-ui-console\projects\msvc\win32\release\mupen64plus-rsp-cxd4.lib
d:\vs_projects\mupen64\mupen64plus-ui-console\projects\msvc\win32\release\mupen64plus-rsp-cxd4.exp
d:\vs_projects\mupen64\mupen64plus-rsp-cxd4\projects\msvc\win32\release\mupen64p.f597cc21.tlog\cl.command.1.tlog
d:\vs_projects\mupen64\mupen64plus-rsp-cxd4\projects\msvc\win32\release\mupen64p.f597cc21.tlog\cl.read.1.tlog
d:\vs_projects\mupen64\mupen64plus-rsp-cxd4\projects\msvc\win32\release\mupen64p.f597cc21.tlog\cl.write.1.tlog
d:\vs_projects\mupen64\mupen64plus-rsp-cxd4\projects\msvc\win32\release\mupen64p.f597cc21.tlog\link.command.1.tlog
d:\vs_projects\mupen64\mupen64plus-rsp-cxd4\projects\msvc\win32\release\mupen64p.f597cc21.tlog\link.read.1.tlog
d:\vs_projects\mupen64\mupen64plus-rsp-cxd4\projects\msvc\win32\release\mupen64p.f597cc21.tlog\link.write.1.tlog
d:\vs_projects\mupen64\mupen64plus-rsp-cxd4\projects\msvc\win32\release\mupen64p.f597cc21.tlog\mupen64plus-rsp-cxd4.write.1u.tlog
