d:\vs_projects\mupen64\mupen64plus-video-rice\projects\msvc\win32\debug\vc140.pdb
d:\vs_projects\mupen64\mupen64plus-video-rice\projects\msvc\win32\debug\rsp_parser.obj
d:\vs_projects\mupen64\mupen64plus-video-rice\projects\msvc\win32\debug\rendertexture.obj
d:\vs_projects\mupen64\mupen64plus-video-rice\projects\msvc\win32\debug\renderext.obj
d:\vs_projects\mupen64\mupen64plus-video-rice\projects\msvc\win32\debug\renderbase.obj
d:\vs_projects\mupen64\mupen64plus-video-rice\projects\msvc\win32\debug\render.obj
d:\vs_projects\mupen64\mupen64plus-video-rice\projects\msvc\win32\debug\ogltexture.obj
d:\vs_projects\mupen64\mupen64plus-video-rice\projects\msvc\win32\debug\oglrenderext.obj
d:\vs_projects\mupen64\mupen64plus-video-rice\projects\msvc\win32\debug\oglrender.obj
d:\vs_projects\mupen64\mupen64plus-video-rice\projects\msvc\win32\debug\oglgraphicscontext.obj
d:\vs_projects\mupen64\mupen64plus-video-rice\projects\msvc\win32\debug\oglextensions.obj
d:\vs_projects\mupen64\mupen64plus-video-rice\projects\msvc\win32\debug\oglcombiner.obj
d:\vs_projects\mupen64\mupen64plus-video-rice\projects\msvc\win32\debug\graphicscontext.obj
d:\vs_projects\mupen64\mupen64plus-video-rice\projects\msvc\win32\debug\framebuffer.obj
d:\vs_projects\mupen64\mupen64plus-video-rice\projects\msvc\win32\debug\devicebuilder.obj
d:\vs_projects\mupen64\mupen64plus-video-rice\projects\msvc\win32\debug\debugger.obj
d:\vs_projects\mupen64\mupen64plus-video-rice\projects\msvc\win32\debug\convertimage16.obj
d:\vs_projects\mupen64\mupen64plus-video-rice\projects\msvc\win32\debug\convertimage.obj
d:\vs_projects\mupen64\mupen64plus-video-rice\projects\msvc\win32\debug\config.obj
d:\vs_projects\mupen64\mupen64plus-video-rice\projects\msvc\win32\debug\combiner.obj
d:\vs_projects\mupen64\mupen64plus-video-rice\projects\msvc\win32\debug\blender.obj
d:\vs_projects\mupen64\mupen64plus-video-rice\projects\msvc\win32\debug\video.obj
d:\vs_projects\mupen64\mupen64plus-video-rice\projects\msvc\win32\debug\vectormath.obj
d:\vs_projects\mupen64\mupen64plus-video-rice\projects\msvc\win32\debug\texturemanager.obj
d:\vs_projects\mupen64\mupen64plus-video-rice\projects\msvc\win32\debug\texturefilters_hq4x.obj
d:\vs_projects\mupen64\mupen64plus-video-rice\projects\msvc\win32\debug\texturefilters_hq2x.obj
d:\vs_projects\mupen64\mupen64plus-video-rice\projects\msvc\win32\debug\texturefilters_2xsai.obj
d:\vs_projects\mupen64\mupen64plus-video-rice\projects\msvc\win32\debug\texturefilters.obj
d:\vs_projects\mupen64\mupen64plus-video-rice\projects\msvc\win32\debug\texture.obj
d:\vs_projects\mupen64\mupen64plus-video-rice\projects\msvc\win32\debug\rsp_s2dex.obj
d:\vs_projects\mupen64\mupen64plus-video-rice\projects\msvc\win32\debug\pngrw.obj
d:\vs_projects\mupen64\mupen64plus-video-rice\projects\msvc\win32\debug\osal_files_win32.obj
d:\vs_projects\mupen64\mupen64plus-video-rice\projects\msvc\win32\debug\osal_dynamiclib_win32.obj
d:\vs_projects\mupen64\mupen64plus-video-rice\projects\msvc\win32\debug\bmp.obj
d:\vs_projects\mupen64\mupen64plus-video-rice\projects\msvc\win32\debug\bmgutils.obj
d:\vs_projects\mupen64\mupen64plus-video-rice\projects\msvc\win32\debug\bmgimage.obj
d:\vs_projects\mupen64\mupen64plus-ui-console\projects\msvc\win32\debug\mupen64plus-video-rice.ilk
d:\vs_projects\mupen64\mupen64plus-ui-console\projects\msvc\win32\debug\mupen64plus-video-rice.dll
d:\vs_projects\mupen64\mupen64plus-ui-console\projects\msvc\win32\debug\mupen64plus-video-rice.pdb
d:\vs_projects\mupen64\mupen64plus-ui-console\projects\msvc\win32\debug\mupen64plus-video-rice.lib
d:\vs_projects\mupen64\mupen64plus-ui-console\projects\msvc\win32\debug\mupen64plus-video-rice.exp
d:\vs_projects\mupen64\mupen64plus-video-rice\projects\msvc\win32\debug\mupen64p.7d4aff6a.tlog\cl.command.1.tlog
d:\vs_projects\mupen64\mupen64plus-video-rice\projects\msvc\win32\debug\mupen64p.7d4aff6a.tlog\cl.read.1.tlog
d:\vs_projects\mupen64\mupen64plus-video-rice\projects\msvc\win32\debug\mupen64p.7d4aff6a.tlog\cl.write.1.tlog
d:\vs_projects\mupen64\mupen64plus-video-rice\projects\msvc\win32\debug\mupen64p.7d4aff6a.tlog\link.command.1.tlog
d:\vs_projects\mupen64\mupen64plus-video-rice\projects\msvc\win32\debug\mupen64p.7d4aff6a.tlog\link.read.1.tlog
d:\vs_projects\mupen64\mupen64plus-video-rice\projects\msvc\win32\debug\mupen64p.7d4aff6a.tlog\link.write.1.tlog
d:\vs_projects\mupen64\mupen64plus-video-rice\projects\msvc\win32\debug\mupen64p.7d4aff6a.tlog\mupen64plus-video-rice.write.1u.tlog
